<?xml version="1.0" encoding="UTF-8"?>
<testsuite xmlns:xsi="http://www.w3.org/2001/XMLSchema-instance" xsi:noNamespaceSchemaLocation="https://maven.apache.org/surefire/maven-surefire-plugin/xsd/surefire-test-report.xsd" name="app.AppTest" time="0.045" tests="1" errors="0" skipped="0" failures="0">
  <properties>
    <property name="java.specification.version" value="14"/>
    <property name="sun.cpu.isalist" value="amd64"/>
    <property name="sun.jnu.encoding" value="Cp1252"/>
    <property name="java.class.path" value="E:\2020 Fall\Classes\CS 2336\Projects\Project_1_Chatbot\target\test-classes;E:\2020 Fall\Classes\CS 2336\Projects\Project_1_Chatbot\target\classes;C:\Users\vishv\.m2\repository\com\google\code\gson\gson\2.8.6\gson-2.8.6.jar;E:\2020 Fall\Classes\CS 2336\Projects\Project_1_Chatbot\lib\pircbot.jar;C:\Users\vishv\.m2\repository\junit\junit\4.11\junit-4.11.jar;C:\Users\vishv\.m2\repository\org\hamcrest\hamcrest-core\1.3\hamcrest-core-1.3.jar;"/>
    <property name="java.vm.vendor" value="Oracle Corporation"/>
    <property name="sun.arch.data.model" value="64"/>
    <property name="user.variant" value=""/>
    <property name="java.vendor.url" value="https://java.oracle.com/"/>
    <property name="user.timezone" value="America/Chicago"/>
    <property name="os.name" value="Windows 10"/>
    <property name="java.vm.specification.version" value="14"/>
    <property name="sun.java.launcher" value="SUN_STANDARD"/>
    <property name="user.country" value="US"/>
    <property name="sun.boot.library.path" value="C:\Program Files\Java\jdk-14.0.2\bin"/>
    <property name="sun.java.command" value="C:\Users\vishv\AppData\Local\Temp\surefire7478733385230716941\surefirebooter722311227861236428.jar C:\Users\vishv\AppData\Local\Temp\surefire7478733385230716941 2020-09-28T14-38-41_962-jvmRun1 surefire9346569863583675701tmp surefire_011128250492457056538tmp"/>
    <property name="jdk.debug" value="release"/>
    <property name="surefire.test.class.path" value="E:\2020 Fall\Classes\CS 2336\Projects\Project_1_Chatbot\target\test-classes;E:\2020 Fall\Classes\CS 2336\Projects\Project_1_Chatbot\target\classes;C:\Users\vishv\.m2\repository\com\google\code\gson\gson\2.8.6\gson-2.8.6.jar;E:\2020 Fall\Classes\CS 2336\Projects\Project_1_Chatbot\lib\pircbot.jar;C:\Users\vishv\.m2\repository\junit\junit\4.11\junit-4.11.jar;C:\Users\vishv\.m2\repository\org\hamcrest\hamcrest-core\1.3\hamcrest-core-1.3.jar;"/>
    <property name="sun.cpu.endian" value="little"/>
    <property name="user.home" value="C:\Users\vishv"/>
    <property name="user.language" value="en"/>
    <property name="java.specification.vendor" value="Oracle Corporation"/>
    <property name="java.version.date" value="2020-07-14"/>
    <property name="java.home" value="C:\Program Files\Java\jdk-14.0.2"/>
    <property name="file.separator" value="\"/>
    <property name="basedir" value="E:\2020 Fall\Classes\CS 2336\Projects\Project_1_Chatbot"/>
    <property name="java.vm.compressedOopsMode" value="Zero based"/>
    <property name="line.separator" value="&#10;"/>
    <property name="java.vm.specification.vendor" value="Oracle Corporation"/>
    <property name="java.specification.name" value="Java Platform API Specification"/>
    <property name="surefire.real.class.path" value="C:\Users\vishv\AppData\Local\Temp\surefire7478733385230716941\surefirebooter722311227861236428.jar"/>
    <property name="user.script" value=""/>
    <property name="sun.management.compiler" value="HotSpot 64-Bit Tiered Compilers"/>
    <property name="java.runtime.version" value="14.0.2+12-46"/>
    <property name="user.name" value="vishv"/>
    <property name="path.separator" value=";"/>
    <property name="os.version" value="10.0"/>
    <property name="java.runtime.name" value="Java(TM) SE Runtime Environment"/>
    <property name="file.encoding" value="Cp1252"/>
    <property name="java.vm.name" value="Java HotSpot(TM) 64-Bit Server VM"/>
    <property name="localRepository" value="C:\Users\vishv\.m2\repository"/>
    <property name="java.vendor.url.bug" value="https://bugreport.java.com/bugreport/"/>
    <property name="java.io.tmpdir" value="C:\Users\vishv\AppData\Local\Temp\"/>
    <property name="java.version" value="14.0.2"/>
    <property name="user.dir" value="E:\2020 Fall\Classes\CS 2336\Projects\Project_1_Chatbot"/>
    <property name="os.arch" value="amd64"/>
    <property name="java.vm.specification.name" value="Java Virtual Machine Specification"/>
    <property name="sun.os.patch.level" value=""/>
    <property name="java.library.path" value="C:\Program Files\Java\jdk-14.0.2\bin;C:\Windows\Sun\Java\bin;C:\Windows\system32;C:\Windows;C:\Program Files (x86)\Razer Chroma SDK\bin;C:\Program Files\Razer Chroma SDK\bin;C:\Program Files (x86)\Razer\ChromaBroadcast\bin;C:\Program Files\Razer\ChromaBroadcast\bin;C:\Windows\system32;C:\Windows;C:\Windows\System32\Wbem;C:\Windows\System32\WindowsPowerShell\v1.0\;C:\Windows\System32\OpenSSH\;C:\Program Files (x86)\Intel\Intel(R) Management Engine Components\DAL;C:\Program Files\Intel\Intel(R) Management Engine Components\DAL;C:\Users\Administrator\AppData\Local\Microsoft\WindowsApps;C:\Windows\system32\config\systemprofile\AppData\Local\Microsoft\WindowsApps;C:\Program Files\NVIDIA Corporation\NVIDIA NvDLISR;C:\Program Files\nodejs\;C:\Program Files\Git\cmd;C:\Program Files\Maven\apache-maven-3.6.3\bin;C:\Program Files\Java\jdk-14.0.2\bin;C:\Users\vishv\AppData\Local\Programs\Python\Python38-32\Scripts\;C:\Users\vishv\AppData\Local\Programs\Python\Python38-32\;C:\src\flutter\bin;C:\Users\vishv\AppData\Roaming\npm;C:\Users\vishv\spicetify-cli;C:\Users\vishv\AppData\Local\Programs\Microsoft VS Code\bin;."/>
    <property name="java.vm.info" value="mixed mode, sharing"/>
    <property name="java.vendor" value="Oracle Corporation"/>
    <property name="java.vm.version" value="14.0.2+12-46"/>
    <property name="sun.io.unicode.encoding" value="UnicodeLittle"/>
    <property name="java.class.version" value="58.0"/>
  </properties>
  <testcase name="shouldAnswerWithTrue" classname="app.AppTest" time="0.002"/>
</testsuite>